<?xml version="1.0" encoding="UTF-8"?>
<coverage generated="1637601728158" clover="3.2.0">
  <project timestamp="1637601728158" name="All files">
    <metrics statements="6" coveredstatements="6" conditionals="2" coveredconditionals="1" methods="3" coveredmethods="3" elements="11" coveredelements="10" complexity="0" loc="6" ncloc="6" packages="1" files="1" classes="1"/>
    <file name="list.jsx" path="/Users/angelbrunn/Workspaces/github/fx-rate-app/src/components/list/list.jsx">
      <metrics statements="6" coveredstatements="6" conditionals="2" coveredconditionals="1" methods="3" coveredmethods="3"/>
      <line num="4" count="1" type="stmt"/>
      <line num="5" count="1" type="stmt"/>
      <line num="6" count="1" type="stmt"/>
      <line num="8" count="1" type="stmt"/>
      <line num="19" count="1" type="stmt"/>
      <line num="21" count="1" type="stmt"/>
    </file>
  </project>
</coverage>
