{"/Users/angelbrunn/Workspaces/github/fx-rate-app/src/components/list/list.jsx": {"path":"/Users/angelbrunn/Workspaces/github/fx-rate-app/src/components/list/list.jsx","statementMap":{"0":{"start":{"line":4,"column":20},"end":{"line":60,"column":1}},"1":{"start":{"line":5,"column":28},"end":{"line":5,"column":33}},"2":{"start":{"line":6,"column":18},"end":{"line":6,"column":34}},"3":{"start":{"line":8,"column":4},"end":{"line":59,"column":6}},"4":{"start":{"line":19,"column":36},"end":{"line":19,"column":64}},"5":{"start":{"line":21,"column":28},"end":{"line":52,"column":31}}},"fnMap":{"0":{"name":"(anonymous_0)","decl":{"start":{"line":4,"column":20},"end":{"line":4,"column":21}},"loc":{"start":{"line":4,"column":29},"end":{"line":60,"column":1}},"line":4},"1":{"name":"(anonymous_1)","decl":{"start":{"line":19,"column":29},"end":{"line":19,"column":30}},"loc":{"start":{"line":19,"column":36},"end":{"line":19,"column":64}},"line":19},"2":{"name":"(anonymous_2)","decl":{"start":{"line":20,"column":29},"end":{"line":20,"column":30}},"loc":{"start":{"line":21,"column":28},"end":{"line":52,"column":31}},"line":21}},"branchMap":{"0":{"loc":{"start":{"line":10,"column":13},"end":{"line":57,"column":13}},"type":"cond-expr","locations":[{"start":{"line":11,"column":16},"end":{"line":54,"column":22}},{"start":{"line":56,"column":16},"end":{"line":56,"column":66}}],"line":10}},"s":{"0":1,"1":1,"2":1,"3":1,"4":1,"5":1},"f":{"0":1,"1":1,"2":1},"b":{"0":[1,0]},"_coverageSchema":"43e27e138ebf9cfc5966b082cf9a028302ed4184","hash":"ab505a5e731447e287168bc36eabb1e174406aec"}
}
